# JRE version: OpenJDK Runtime Environment (17.0.7) (build 17.0.7+0-b2043.56-10550314)
# Java VM: OpenJDK 64-Bit Server VM (17.0.7+0-b2043.56-10550314, mixed mode, tiered, compressed oops, compressed class ptrs, g1 gc, windows-amd64)
GC Precious Log:
 CPUs: 8 total, 8 available
 Memory: 8030M
 Large Page Support: Disabled
 NUMA Support: Disabled
 Compressed Oops: Enabled (32-bit)
 Heap Region Size: 1M
 Heap Min Capacity: 8M
 Heap Initial Capacity: 126M
 Heap Max Capacity: 2G
 Pre-touch: Disabled
 Parallel Workers: 8
 Concurrent Workers: 2
 Concurrent Refinement Workers: 8
 Periodic GC: Disabled
Heap:
 garbage-first heap   total 209920K, used 124086K [0x0000000080000000, 0x0000000100000000)
  region size 1024K, 6 young (6144K), 6 survivors (6144K)
 Metaspace       used 102481K, committed 103232K, reserved 1179648K
  class space    used 14018K, committed 14400K, reserved 1048576K
GC Heap History (20 events):
Event: 8.340 GC heap after
{Heap after GC invocations=30 (full 0):
 garbage-first heap   total 161792K, used 86664K [0x0000000080000000, 0x0000000100000000)
  region size 1024K, 2 young (2048K), 2 survivors (2048K)
 Metaspace       used 84620K, committed 85312K, reserved 1179648K
  class space    used 11576K, committed 11904K, reserved 1048576K
}
Event: 8.381 GC heap before
{Heap before GC invocations=30 (full 0):
 garbage-first heap   total 161792K, used 90760K [0x0000000080000000, 0x0000000100000000)
  region size 1024K, 7 young (7168K), 2 survivors (2048K)
 Metaspace       used 85001K, committed 85632K, reserved 1179648K
  class space    used 11631K, committed 11904K, reserved 1048576K
}
Event: 8.383 GC heap after
{Heap after GC invocations=31 (full 0):
 garbage-first heap   total 161792K, used 86671K [0x0000000080000000, 0x0000000100000000)
  region size 1024K, 1 young (1024K), 1 survivors (1024K)
 Metaspace       used 85001K, committed 85632K, reserved 1179648K
  class space    used 11631K, committed 11904K, reserved 1048576K
}
Event: 8.899 GC heap before
{Heap before GC invocations=31 (full 0):
 garbage-first heap   total 161792K, used 131727K [0x0000000080000000, 0x0000000100000000)
  region size 1024K, 45 young (46080K), 1 survivors (1024K)
 Metaspace       used 88508K, committed 89152K, reserved 1179648K
  class space    used 12153K, committed 12480K, reserved 1048576K
}
Event: 8.904 GC heap after
{Heap after GC invocations=32 (full 0):
 garbage-first heap   total 209920K, used 88591K [0x0000000080000000, 0x0000000100000000)
  region size 1024K, 3 young (3072K), 3 survivors (3072K)
 Metaspace       used 88508K, committed 89152K, reserved 1179648K
  class space    used 12153K, committed 12480K, reserved 1048576K
}
Event: 9.975 GC heap before
{Heap before GC invocations=33 (full 0):
 garbage-first heap   total 209920K, used 167439K [0x0000000080000000, 0x0000000100000000)
  region size 1024K, 80 young (81920K), 3 survivors (3072K)
 Metaspace       used 95618K, committed 96256K, reserved 1179648K
  class space    used 13168K, committed 13504K, reserved 1048576K
}
Event: 9.981 GC heap after
{Heap after GC invocations=34 (full 0):
 garbage-first heap   total 209920K, used 92997K [0x0000000080000000, 0x0000000100000000)
  region size 1024K, 7 young (7168K), 7 survivors (7168K)
 Metaspace       used 95618K, committed 96256K, reserved 1179648K
  class space    used 13168K, committed 13504K, reserved 1048576K
}
Event: 10.016 GC heap before
{Heap before GC invocations=34 (full 0):
 garbage-first heap   total 209920K, used 96069K [0x0000000080000000, 0x0000000100000000)
  region size 1024K, 10 young (10240K), 7 survivors (7168K)
 Metaspace       used 95793K, committed 96512K, reserved 1179648K
  class space    used 13192K, committed 13568K, reserved 1048576K
}
Event: 10.026 GC heap after
{Heap after GC invocations=35 (full 0):
 garbage-first heap   total 209920K, used 93023K [0x0000000080000000, 0x0000000100000000)
  region size 1024K, 1 young (1024K), 1 survivors (1024K)
 Metaspace       used 95793K, committed 96512K, reserved 1179648K
  class space    used 13192K, committed 13568K, reserved 1048576K
}
Event: 10.680 GC heap before
{Heap before GC invocations=35 (full 0):
 garbage-first heap   total 209920K, used 168799K [0x0000000080000000, 0x0000000100000000)
  region size 1024K, 75 young (76800K), 1 survivors (1024K)
 Metaspace       used 97547K, committed 98240K, reserved 1179648K
  class space    used 13429K, committed 13760K, reserved 1048576K
}
Event: 10.687 GC heap after
{Heap after GC invocations=36 (full 0):
 garbage-first heap   total 209920K, used 102122K [0x0000000080000000, 0x0000000100000000)
  region size 1024K, 10 young (10240K), 10 survivors (10240K)
 Metaspace       used 97547K, committed 98240K, reserved 1179648K
  class space    used 13429K, committed 13760K, reserved 1048576K
}
Event: 11.411 GC heap before
{Heap before GC invocations=36 (full 0):
 garbage-first heap   total 209920K, used 172778K [0x0000000080000000, 0x0000000100000000)
  region size 1024K, 75 young (76800K), 10 survivors (10240K)
 Metaspace       used 101345K, committed 102144K, reserved 1179648K
  class space    used 13927K, committed 14336K, reserved 1048576K
}
Event: 11.425 GC heap after
{Heap after GC invocations=37 (full 0):
 garbage-first heap   total 209920K, used 112546K [0x0000000080000000, 0x0000000100000000)
  region size 1024K, 10 young (10240K), 10 survivors (10240K)
 Metaspace       used 101345K, committed 102144K, reserved 1179648K
  class space    used 13927K, committed 14336K, reserved 1048576K
}
Event: 11.769 GC heap before
{Heap before GC invocations=37 (full 0):
 garbage-first heap   total 209920K, used 167842K [0x0000000080000000, 0x0000000100000000)
  region size 1024K, 65 young (66560K), 10 survivors (10240K)
 Metaspace       used 101598K, committed 102336K, reserved 1179648K
  class space    used 13938K, committed 14336K, reserved 1048576K
}
Event: 11.780 GC heap after
{Heap after GC invocations=38 (full 0):
 garbage-first heap   total 209920K, used 116923K [0x0000000080000000, 0x0000000100000000)
  region size 1024K, 7 young (7168K), 7 survivors (7168K)
 Metaspace       used 101598K, committed 102336K, reserved 1179648K
  class space    used 13938K, committed 14336K, reserved 1048576K
}
Event: 12.273 GC heap before
{Heap before GC invocations=39 (full 0):
 garbage-first heap   total 209920K, used 169147K [0x0000000080000000, 0x0000000100000000)
  region size 1024K, 59 young (60416K), 7 survivors (7168K)
 Metaspace       used 102113K, committed 102848K, reserved 1179648K
  class space    used 13978K, committed 14336K, reserved 1048576K
}
Event: 12.284 GC heap after
{Heap after GC invocations=40 (full 0):
 garbage-first heap   total 209920K, used 119884K [0x0000000080000000, 0x0000000100000000)
  region size 1024K, 6 young (6144K), 6 survivors (6144K)
 Metaspace       used 102113K, committed 102848K, reserved 1179648K
  class space    used 13978K, committed 14336K, reserved 1048576K
}
Event: 12.343 GC heap before
{Heap before GC invocations=40 (full 0):
 garbage-first heap   total 209920K, used 122956K [0x0000000080000000, 0x0000000100000000)
  region size 1024K, 10 young (10240K), 6 survivors (6144K)
 Metaspace       used 102174K, committed 102912K, reserved 1179648K
  class space    used 13988K, committed 14336K, reserved 1048576K
}
Event: 12.350 GC heap after
{Heap after GC invocations=41 (full 0):
 garbage-first heap   total 209920K, used 120097K [0x0000000080000000, 0x0000000100000000)
  region size 1024K, 2 young (2048K), 2 survivors (2048K)
 Metaspace       used 102174K, committed 102912K, reserved 1179648K
  class space    used 13988K, committed 14336K, reserved 1048576K
}
Event: 12.657 GC heap before
{Heap before GC invocations=41 (full 0):
 garbage-first heap   total 209920K, used 170273K [0x0000000080000000, 0x0000000100000000)
  region size 1024K, 52 young (53248K), 2 survivors (2048K)
 Metaspace       used 102481K, committed 103232K, reserved 1179648K
  class space    used 14018K, committed 14400K, reserved 1048576K
}

