# JRE version: OpenJDK Runtime Environment (17.0.7) (build 17.0.7+0-b2043.56-10550314)
# Java VM: OpenJDK 64-Bit Server VM (17.0.7+0-b2043.56-10550314, mixed mode, tiered, compressed oops, compressed class ptrs, g1 gc, windows-amd64)
GC Precious Log:
 CPUs: 8 total, 8 available
 Memory: 8030M
 Large Page Support: Disabled
 NUMA Support: Disabled
 Compressed Oops: Enabled (32-bit)
 Heap Region Size: 1M
 Heap Min Capacity: 8M
 Heap Initial Capacity: 126M
 Heap Max Capacity: 2G
 Pre-touch: Disabled
 Parallel Workers: 8
 Concurrent Workers: 2
 Concurrent Refinement Workers: 8
 Periodic GC: Disabled
Heap:
 garbage-first heap   total 459776K, used 335767K [0x0000000080000000, 0x0000000100000000)
  region size 1024K, 2 young (2048K), 2 survivors (2048K)
 Metaspace       used 118724K, committed 119552K, reserved 1179648K
  class space    used 16427K, committed 16832K, reserved 1048576K
GC Heap History (20 events):
Event: 16.309 GC heap after
{Heap after GC invocations=36 (full 0):
 garbage-first heap   total 421888K, used 180497K [0x0000000080000000, 0x0000000100000000)
  region size 1024K, 26 young (26624K), 26 survivors (26624K)
 Metaspace       used 110754K, committed 111552K, reserved 1179648K
  class space    used 15160K, committed 15552K, reserved 1048576K
}
Event: 17.087 GC heap before
{Heap before GC invocations=36 (full 0):
 garbage-first heap   total 421888K, used 230673K [0x0000000080000000, 0x0000000100000000)
  region size 1024K, 75 young (76800K), 26 survivors (26624K)
 Metaspace       used 111034K, committed 111808K, reserved 1179648K
  class space    used 15197K, committed 15616K, reserved 1048576K
}
Event: 17.120 GC heap after
{Heap after GC invocations=37 (full 0):
 garbage-first heap   total 421888K, used 202540K [0x0000000080000000, 0x0000000100000000)
  region size 1024K, 20 young (20480K), 20 survivors (20480K)
 Metaspace       used 111034K, committed 111808K, reserved 1179648K
  class space    used 15197K, committed 15616K, reserved 1048576K
}
Event: 18.306 GC heap before
{Heap before GC invocations=38 (full 0):
 garbage-first heap   total 421888K, used 312108K [0x0000000080000000, 0x0000000100000000)
  region size 1024K, 128 young (131072K), 20 survivors (20480K)
 Metaspace       used 113413K, committed 114176K, reserved 1179648K
  class space    used 15720K, committed 16128K, reserved 1048576K
}
Event: 18.392 GC heap after
{Heap after GC invocations=39 (full 0):
 garbage-first heap   total 421888K, used 250204K [0x0000000080000000, 0x0000000100000000)
  region size 1024K, 16 young (16384K), 16 survivors (16384K)
 Metaspace       used 113413K, committed 114176K, reserved 1179648K
  class space    used 15720K, committed 16128K, reserved 1048576K
}
Event: 18.440 GC heap before
{Heap before GC invocations=39 (full 0):
 garbage-first heap   total 421888K, used 254300K [0x0000000080000000, 0x0000000100000000)
  region size 1024K, 20 young (20480K), 16 survivors (16384K)
 Metaspace       used 113414K, committed 114176K, reserved 1179648K
  class space    used 15720K, committed 16128K, reserved 1048576K
}
Event: 18.473 GC heap after
{Heap after GC invocations=40 (full 0):
 garbage-first heap   total 421888K, used 253440K [0x0000000080000000, 0x0000000100000000)
  region size 1024K, 3 young (3072K), 3 survivors (3072K)
 Metaspace       used 113414K, committed 114176K, reserved 1179648K
  class space    used 15720K, committed 16128K, reserved 1048576K
}
Event: 19.245 GC heap before
{Heap before GC invocations=40 (full 0):
 garbage-first heap   total 421888K, used 317952K [0x0000000080000000, 0x0000000100000000)
  region size 1024K, 67 young (68608K), 3 survivors (3072K)
 Metaspace       used 116074K, committed 116864K, reserved 1179648K
  class space    used 16072K, committed 16448K, reserved 1048576K
}
Event: 19.270 GC heap after
{Heap after GC invocations=41 (full 0):
 garbage-first heap   total 421888K, used 274432K [0x0000000080000000, 0x0000000100000000)
  region size 1024K, 9 young (9216K), 9 survivors (9216K)
 Metaspace       used 116074K, committed 116864K, reserved 1179648K
  class space    used 16072K, committed 16448K, reserved 1048576K
}
Event: 21.159 GC heap before
{Heap before GC invocations=42 (full 0):
 garbage-first heap   total 459776K, used 314368K [0x0000000080000000, 0x0000000100000000)
  region size 1024K, 63 young (64512K), 9 survivors (9216K)
 Metaspace       used 117240K, committed 118016K, reserved 1179648K
  class space    used 16254K, committed 16640K, reserved 1048576K
}
Event: 21.176 GC heap after
{Heap after GC invocations=43 (full 0):
 garbage-first heap   total 459776K, used 265612K [0x0000000080000000, 0x0000000100000000)
  region size 1024K, 6 young (6144K), 6 survivors (6144K)
 Metaspace       used 117240K, committed 118016K, reserved 1179648K
  class space    used 16254K, committed 16640K, reserved 1048576K
}
Event: 21.360 GC heap before
{Heap before GC invocations=43 (full 0):
 garbage-first heap   total 459776K, used 280972K [0x0000000080000000, 0x0000000100000000)
  region size 1024K, 22 young (22528K), 6 survivors (6144K)
 Metaspace       used 117464K, committed 118272K, reserved 1179648K
  class space    used 16287K, committed 16704K, reserved 1048576K
}
Event: 21.375 GC heap after
{Heap after GC invocations=44 (full 0):
 garbage-first heap   total 459776K, used 264157K [0x0000000080000000, 0x0000000100000000)
  region size 1024K, 3 young (3072K), 3 survivors (3072K)
 Metaspace       used 117464K, committed 118272K, reserved 1179648K
  class space    used 16287K, committed 16704K, reserved 1048576K
}
Event: 22.696 GC heap before
{Heap before GC invocations=44 (full 0):
 garbage-first heap   total 459776K, used 356317K [0x0000000080000000, 0x0000000100000000)
  region size 1024K, 86 young (88064K), 3 survivors (3072K)
 Metaspace       used 117848K, committed 118592K, reserved 1179648K
  class space    used 16331K, committed 16704K, reserved 1048576K
}
Event: 22.714 GC heap after
{Heap after GC invocations=45 (full 0):
 garbage-first heap   total 459776K, used 276646K [0x0000000080000000, 0x0000000100000000)
  region size 1024K, 8 young (8192K), 8 survivors (8192K)
 Metaspace       used 117848K, committed 118592K, reserved 1179648K
  class space    used 16331K, committed 16704K, reserved 1048576K
}
Event: 24.579 GC heap before
{Heap before GC invocations=45 (full 0):
 garbage-first heap   total 459776K, used 370854K [0x0000000080000000, 0x0000000100000000)
  region size 1024K, 89 young (91136K), 8 survivors (8192K)
 Metaspace       used 118422K, committed 119296K, reserved 1179648K
  class space    used 16403K, committed 16832K, reserved 1048576K
}
Event: 24.598 GC heap after
{Heap after GC invocations=46 (full 0):
 garbage-first heap   total 459776K, used 296512K [0x0000000080000000, 0x0000000100000000)
  region size 1024K, 12 young (12288K), 12 survivors (12288K)
 Metaspace       used 118422K, committed 119296K, reserved 1179648K
  class space    used 16403K, committed 16832K, reserved 1048576K
}
Event: 24.884 GC heap before
{Heap before GC invocations=46 (full 0):
 garbage-first heap   total 459776K, used 382528K [0x0000000080000000, 0x0000000100000000)
  region size 1024K, 85 young (87040K), 12 survivors (12288K)
 Metaspace       used 118589K, committed 119424K, reserved 1179648K
  class space    used 16420K, committed 16832K, reserved 1048576K
}
Event: 24.909 GC heap after
{Heap after GC invocations=47 (full 0):
 garbage-first heap   total 459776K, used 319441K [0x0000000080000000, 0x0000000100000000)
  region size 1024K, 11 young (11264K), 11 survivors (11264K)
 Metaspace       used 118589K, committed 119424K, reserved 1179648K
  class space    used 16420K, committed 16832K, reserved 1048576K
}
Event: 25.240 GC heap before
{Heap before GC invocations=47 (full 0):
 garbage-first heap   total 459776K, used 398289K [0x0000000080000000, 0x0000000100000000)
  region size 1024K, 69 young (70656K), 11 survivors (11264K)
 Metaspace       used 118724K, committed 119552K, reserved 1179648K
  class space    used 16427K, committed 16832K, reserved 1048576K
}

