# JRE version: OpenJDK Runtime Environment (17.0.7) (build 17.0.7+0-b2043.56-10550314)
# Java VM: OpenJDK 64-Bit Server VM (17.0.7+0-b2043.56-10550314, mixed mode, tiered, compressed oops, compressed class ptrs, g1 gc, windows-amd64)
GC Precious Log:
 CPUs: 8 total, 8 available
 Memory: 8030M
 Large Page Support: Disabled
 NUMA Support: Disabled
 Compressed Oops: Enabled (32-bit)
 Heap Region Size: 1M
 Heap Min Capacity: 8M
 Heap Initial Capacity: 126M
 Heap Max Capacity: 2G
 Pre-touch: Disabled
 Parallel Workers: 8
 Concurrent Workers: 2
 Concurrent Refinement Workers: 8
 Periodic GC: Disabled
Heap:
 garbage-first heap   total 215040K, used 118614K [0x0000000080000000, 0x0000000100000000)
  region size 1024K, 2 young (2048K), 2 survivors (2048K)
 Metaspace       used 101994K, committed 102720K, reserved 1179648K
  class space    used 13951K, committed 14336K, reserved 1048576K
GC Heap History (20 events):
Event: 7.348 GC heap after
{Heap after GC invocations=24 (full 0):
 garbage-first heap   total 192512K, used 78613K [0x0000000080000000, 0x0000000100000000)
  region size 1024K, 9 young (9216K), 9 survivors (9216K)
 Metaspace       used 78440K, committed 79040K, reserved 1179648K
  class space    used 10517K, committed 10816K, reserved 1048576K
}
Event: 7.889 GC heap before
{Heap before GC invocations=24 (full 0):
 garbage-first heap   total 192512K, used 149269K [0x0000000080000000, 0x0000000100000000)
  region size 1024K, 77 young (78848K), 9 survivors (9216K)
 Metaspace       used 82260K, committed 82816K, reserved 1179648K
  class space    used 11054K, committed 11328K, reserved 1048576K
}
Event: 7.897 GC heap after
{Heap after GC invocations=25 (full 0):
 garbage-first heap   total 192512K, used 84653K [0x0000000080000000, 0x0000000100000000)
  region size 1024K, 10 young (10240K), 10 survivors (10240K)
 Metaspace       used 82260K, committed 82816K, reserved 1179648K
  class space    used 11054K, committed 11328K, reserved 1048576K
}
Event: 8.514 GC heap before
{Heap before GC invocations=25 (full 0):
 garbage-first heap   total 192512K, used 150189K [0x0000000080000000, 0x0000000100000000)
  region size 1024K, 74 young (75776K), 10 survivors (10240K)
 Metaspace       used 87234K, committed 87872K, reserved 1179648K
  class space    used 11939K, committed 12224K, reserved 1048576K
}
Event: 8.522 GC heap after
{Heap after GC invocations=26 (full 0):
 garbage-first heap   total 192512K, used 87597K [0x0000000080000000, 0x0000000100000000)
  region size 1024K, 4 young (4096K), 4 survivors (4096K)
 Metaspace       used 87234K, committed 87872K, reserved 1179648K
  class space    used 11939K, committed 12224K, reserved 1048576K
}
Event: 9.154 GC heap before
{Heap before GC invocations=26 (full 0):
 garbage-first heap   total 192512K, used 153133K [0x0000000080000000, 0x0000000100000000)
  region size 1024K, 68 young (69632K), 4 survivors (4096K)
 Metaspace       used 92757K, committed 93440K, reserved 1179648K
  class space    used 12802K, committed 13120K, reserved 1048576K
}
Event: 9.158 GC heap after
{Heap after GC invocations=27 (full 0):
 garbage-first heap   total 192512K, used 90248K [0x0000000080000000, 0x0000000100000000)
  region size 1024K, 6 young (6144K), 6 survivors (6144K)
 Metaspace       used 92757K, committed 93440K, reserved 1179648K
  class space    used 12802K, committed 13120K, reserved 1048576K
}
Event: 9.816 GC heap before
{Heap before GC invocations=27 (full 0):
 garbage-first heap   total 192512K, used 155784K [0x0000000080000000, 0x0000000100000000)
  region size 1024K, 70 young (71680K), 6 survivors (6144K)
 Metaspace       used 97544K, committed 98240K, reserved 1179648K
  class space    used 13418K, committed 13760K, reserved 1048576K
}
Event: 9.824 GC heap after
{Heap after GC invocations=28 (full 0):
 garbage-first heap   total 192512K, used 95942K [0x0000000080000000, 0x0000000100000000)
  region size 1024K, 9 young (9216K), 9 survivors (9216K)
 Metaspace       used 97544K, committed 98240K, reserved 1179648K
  class space    used 13418K, committed 13760K, reserved 1048576K
}
Event: 10.178 GC heap before
{Heap before GC invocations=28 (full 0):
 garbage-first heap   total 192512K, used 153286K [0x0000000080000000, 0x0000000100000000)
  region size 1024K, 67 young (68608K), 9 survivors (9216K)
 Metaspace       used 98512K, committed 99200K, reserved 1179648K
  class space    used 13492K, committed 13888K, reserved 1048576K
}
Event: 10.189 GC heap after
{Heap after GC invocations=29 (full 0):
 garbage-first heap   total 192512K, used 105824K [0x0000000080000000, 0x0000000100000000)
  region size 1024K, 9 young (9216K), 9 survivors (9216K)
 Metaspace       used 98512K, committed 99200K, reserved 1179648K
  class space    used 13492K, committed 13888K, reserved 1048576K
}
Event: 10.664 GC heap before
{Heap before GC invocations=30 (full 0):
 garbage-first heap   total 194560K, used 159072K [0x0000000080000000, 0x0000000100000000)
  region size 1024K, 57 young (58368K), 9 survivors (9216K)
 Metaspace       used 101341K, committed 102016K, reserved 1179648K
  class space    used 13913K, committed 14272K, reserved 1048576K
}
Event: 10.673 GC heap after
{Heap after GC invocations=31 (full 0):
 garbage-first heap   total 194560K, used 113822K [0x0000000080000000, 0x0000000100000000)
  region size 1024K, 8 young (8192K), 8 survivors (8192K)
 Metaspace       used 101341K, committed 102016K, reserved 1179648K
  class space    used 13913K, committed 14272K, reserved 1048576K
}
Event: 10.676 GC heap before
{Heap before GC invocations=31 (full 0):
 garbage-first heap   total 194560K, used 113822K [0x0000000080000000, 0x0000000100000000)
  region size 1024K, 9 young (9216K), 8 survivors (8192K)
 Metaspace       used 101344K, committed 102016K, reserved 1179648K
  class space    used 13913K, committed 14272K, reserved 1048576K
}
Event: 10.681 GC heap after
{Heap after GC invocations=32 (full 0):
 garbage-first heap   total 194560K, used 113235K [0x0000000080000000, 0x0000000100000000)
  region size 1024K, 2 young (2048K), 2 survivors (2048K)
 Metaspace       used 101344K, committed 102016K, reserved 1179648K
  class space    used 13913K, committed 14272K, reserved 1048576K
}
Event: 10.838 GC heap before
{Heap before GC invocations=32 (full 0):
 garbage-first heap   total 194560K, used 156243K [0x0000000080000000, 0x0000000100000000)
  region size 1024K, 44 young (45056K), 2 survivors (2048K)
 Metaspace       used 101503K, committed 102272K, reserved 1179648K
  class space    used 13918K, committed 14336K, reserved 1048576K
}
Event: 10.844 GC heap after
{Heap after GC invocations=33 (full 0):
 garbage-first heap   total 194560K, used 117047K [0x0000000080000000, 0x0000000100000000)
  region size 1024K, 5 young (5120K), 5 survivors (5120K)
 Metaspace       used 101503K, committed 102272K, reserved 1179648K
  class space    used 13918K, committed 14336K, reserved 1048576K
}
Event: 11.206 GC heap before
{Heap before GC invocations=34 (full 0):
 garbage-first heap   total 215040K, used 158007K [0x0000000080000000, 0x0000000100000000)
  region size 1024K, 46 young (47104K), 5 survivors (5120K)
 Metaspace       used 101947K, committed 102720K, reserved 1179648K
  class space    used 13949K, committed 14336K, reserved 1048576K
}
Event: 11.211 GC heap after
{Heap after GC invocations=35 (full 0):
 garbage-first heap   total 215040K, used 119860K [0x0000000080000000, 0x0000000100000000)
  region size 1024K, 5 young (5120K), 5 survivors (5120K)
 Metaspace       used 101947K, committed 102720K, reserved 1179648K
  class space    used 13949K, committed 14336K, reserved 1048576K
}
Event: 11.278 GC heap before
{Heap before GC invocations=35 (full 0):
 garbage-first heap   total 215040K, used 123956K [0x0000000080000000, 0x0000000100000000)
  region size 1024K, 10 young (10240K), 5 survivors (5120K)
 Metaspace       used 101994K, committed 102720K, reserved 1179648K
  class space    used 13951K, committed 14336K, reserved 1048576K
}

