# JRE version: OpenJDK Runtime Environment (17.0.7) (build 17.0.7+0-b2043.56-10550314)
# Java VM: OpenJDK 64-Bit Server VM (17.0.7+0-b2043.56-10550314, mixed mode, tiered, compressed oops, compressed class ptrs, g1 gc, windows-amd64)
GC Precious Log:
 CPUs: 8 total, 8 available
 Memory: 8030M
 Large Page Support: Disabled
 NUMA Support: Disabled
 Compressed Oops: Enabled (32-bit)
 Heap Region Size: 1M
 Heap Min Capacity: 8M
 Heap Initial Capacity: 126M
 Heap Max Capacity: 2G
 Pre-touch: Disabled
 Parallel Workers: 8
 Concurrent Workers: 2
 Concurrent Refinement Workers: 8
 Periodic GC: Disabled
Heap:
 garbage-first heap   total 412672K, used 275455K [0x0000000080000000, 0x0000000100000000)
  region size 1024K, 12 young (12288K), 12 survivors (12288K)
 Metaspace       used 134195K, committed 135168K, reserved 1179648K
  class space    used 17857K, committed 18368K, reserved 1048576K
GC Heap History (20 events):
Event: 35.276 GC heap after
{Heap after GC invocations=49 (full 0):
 garbage-first heap   total 244736K, used 136514K [0x0000000080000000, 0x0000000100000000)
  region size 1024K, 2 young (2048K), 2 survivors (2048K)
 Metaspace       used 111779K, committed 112576K, reserved 1179648K
  class space    used 15041K, committed 15488K, reserved 1048576K
}
Event: 40.136 GC heap before
{Heap before GC invocations=49 (full 0):
 garbage-first heap   total 244736K, used 201026K [0x0000000080000000, 0x0000000100000000)
  region size 1024K, 66 young (67584K), 2 survivors (2048K)
 Metaspace       used 112622K, committed 113472K, reserved 1179648K
  class space    used 15116K, committed 15552K, reserved 1048576K
}
Event: 40.143 GC heap after
{Heap after GC invocations=50 (full 0):
 garbage-first heap   total 389120K, used 141776K [0x0000000080000000, 0x0000000100000000)
  region size 1024K, 7 young (7168K), 7 survivors (7168K)
 Metaspace       used 112622K, committed 113472K, reserved 1179648K
  class space    used 15116K, committed 15552K, reserved 1048576K
}
Event: 42.631 GC heap before
{Heap before GC invocations=51 (full 0):
 garbage-first heap   total 389120K, used 350672K [0x0000000080000000, 0x0000000100000000)
  region size 1024K, 178 young (182272K), 7 survivors (7168K)
 Metaspace       used 118683K, committed 119552K, reserved 1179648K
  class space    used 15813K, committed 16256K, reserved 1048576K
}
Event: 42.652 GC heap after
{Heap after GC invocations=52 (full 0):
 garbage-first heap   total 392192K, used 176178K [0x0000000080000000, 0x0000000100000000)
  region size 1024K, 23 young (23552K), 23 survivors (23552K)
 Metaspace       used 118683K, committed 119552K, reserved 1179648K
  class space    used 15813K, committed 16256K, reserved 1048576K
}
Event: 42.660 GC heap before
{Heap before GC invocations=52 (full 0):
 garbage-first heap   total 392192K, used 177202K [0x0000000080000000, 0x0000000100000000)
  region size 1024K, 24 young (24576K), 23 survivors (23552K)
 Metaspace       used 118706K, committed 119552K, reserved 1179648K
  class space    used 15816K, committed 16256K, reserved 1048576K
}
Event: 42.680 GC heap after
{Heap after GC invocations=53 (full 0):
 garbage-first heap   total 392192K, used 175287K [0x0000000080000000, 0x0000000100000000)
  region size 1024K, 3 young (3072K), 3 survivors (3072K)
 Metaspace       used 118706K, committed 119552K, reserved 1179648K
  class space    used 15816K, committed 16256K, reserved 1048576K
}
Event: 43.216 GC heap before
{Heap before GC invocations=53 (full 0):
 garbage-first heap   total 392192K, used 289975K [0x0000000080000000, 0x0000000100000000)
  region size 1024K, 116 young (118784K), 3 survivors (3072K)
 Metaspace       used 122553K, committed 123392K, reserved 1179648K
  class space    used 16141K, committed 16576K, reserved 1048576K
}
Event: 43.223 GC heap after
{Heap after GC invocations=54 (full 0):
 garbage-first heap   total 392192K, used 181226K [0x0000000080000000, 0x0000000100000000)
  region size 1024K, 9 young (9216K), 9 survivors (9216K)
 Metaspace       used 122553K, committed 123392K, reserved 1179648K
  class space    used 16141K, committed 16576K, reserved 1048576K
}
Event: 44.021 GC heap before
{Heap before GC invocations=55 (full 0):
 garbage-first heap   total 392192K, used 279530K [0x0000000080000000, 0x0000000100000000)
  region size 1024K, 123 young (125952K), 9 survivors (9216K)
 Metaspace       used 125351K, committed 126272K, reserved 1179648K
  class space    used 16449K, committed 16896K, reserved 1048576K
}
Event: 44.026 GC heap after
{Heap after GC invocations=56 (full 0):
 garbage-first heap   total 392192K, used 160469K [0x0000000080000000, 0x0000000100000000)
  region size 1024K, 5 young (5120K), 5 survivors (5120K)
 Metaspace       used 125351K, committed 126272K, reserved 1179648K
  class space    used 16449K, committed 16896K, reserved 1048576K
}
Event: 44.191 GC heap before
{Heap before GC invocations=56 (full 0):
 garbage-first heap   total 392192K, used 173781K [0x0000000080000000, 0x0000000100000000)
  region size 1024K, 19 young (19456K), 5 survivors (5120K)
 Metaspace       used 126257K, committed 127168K, reserved 1179648K
  class space    used 16560K, committed 17024K, reserved 1048576K
}
Event: 44.196 GC heap after
{Heap after GC invocations=57 (full 0):
 garbage-first heap   total 392192K, used 146994K [0x0000000080000000, 0x0000000100000000)
  region size 1024K, 2 young (2048K), 2 survivors (2048K)
 Metaspace       used 126257K, committed 127168K, reserved 1179648K
  class space    used 16560K, committed 17024K, reserved 1048576K
}
Event: 44.617 GC heap before
{Heap before GC invocations=57 (full 0):
 garbage-first heap   total 392192K, used 190002K [0x0000000080000000, 0x0000000100000000)
  region size 1024K, 46 young (47104K), 2 survivors (2048K)
 Metaspace       used 127722K, committed 128640K, reserved 1179648K
  class space    used 16750K, committed 17216K, reserved 1048576K
}
Event: 44.622 GC heap after
{Heap after GC invocations=58 (full 0):
 garbage-first heap   total 392192K, used 150680K [0x0000000080000000, 0x0000000100000000)
  region size 1024K, 6 young (6144K), 6 survivors (6144K)
 Metaspace       used 127722K, committed 128640K, reserved 1179648K
  class space    used 16750K, committed 17216K, reserved 1048576K
}
Event: 45.672 GC heap before
{Heap before GC invocations=59 (full 0):
 garbage-first heap   total 392192K, used 357528K [0x0000000080000000, 0x0000000100000000)
  region size 1024K, 156 young (159744K), 6 survivors (6144K)
 Metaspace       used 134077K, committed 135040K, reserved 1179648K
  class space    used 17856K, committed 18368K, reserved 1048576K
}
Event: 45.709 GC heap after
{Heap after GC invocations=60 (full 0):
 garbage-first heap   total 412672K, used 229219K [0x0000000080000000, 0x0000000100000000)
  region size 1024K, 20 young (20480K), 20 survivors (20480K)
 Metaspace       used 134077K, committed 135040K, reserved 1179648K
  class space    used 17856K, committed 18368K, reserved 1048576K
}
Event: 45.725 GC heap before
{Heap before GC invocations=60 (full 0):
 garbage-first heap   total 412672K, used 230243K [0x0000000080000000, 0x0000000100000000)
  region size 1024K, 21 young (21504K), 20 survivors (20480K)
 Metaspace       used 134088K, committed 135104K, reserved 1179648K
  class space    used 17856K, committed 18368K, reserved 1048576K
}
Event: 45.749 GC heap after
{Heap after GC invocations=61 (full 0):
 garbage-first heap   total 412672K, used 228621K [0x0000000080000000, 0x0000000100000000)
  region size 1024K, 2 young (2048K), 2 survivors (2048K)
 Metaspace       used 134088K, committed 135104K, reserved 1179648K
  class space    used 17856K, committed 18368K, reserved 1048576K
}
Event: 46.012 GC heap before
{Heap before GC invocations=61 (full 0):
 garbage-first heap   total 412672K, used 320781K [0x0000000080000000, 0x0000000100000000)
  region size 1024K, 93 young (95232K), 2 survivors (2048K)
 Metaspace       used 134195K, committed 135168K, reserved 1179648K
  class space    used 17857K, committed 18368K, reserved 1048576K
}

