# JRE version: OpenJDK Runtime Environment (17.0.7) (build 17.0.7+0-b2043.56-10550314)
# Java VM: OpenJDK 64-Bit Server VM (17.0.7+0-b2043.56-10550314, mixed mode, tiered, compressed oops, compressed class ptrs, g1 gc, windows-amd64)
GC Precious Log:
 CPUs: 8 total, 8 available
 Memory: 8030M
 Large Page Support: Disabled
 NUMA Support: Disabled
 Compressed Oops: Enabled (32-bit)
 Heap Region Size: 1M
 Heap Min Capacity: 8M
 Heap Initial Capacity: 126M
 Heap Max Capacity: 2G
 Pre-touch: Disabled
 Parallel Workers: 8
 Concurrent Workers: 2
 Concurrent Refinement Workers: 8
 Periodic GC: Disabled
Heap:
 garbage-first heap   total 176128K, used 114995K [0x0000000080000000, 0x0000000100000000)
  region size 1024K, 5 young (5120K), 5 survivors (5120K)
 Metaspace       used 101500K, committed 102208K, reserved 1179648K
  class space    used 13932K, committed 14336K, reserved 1048576K
GC Heap History (20 events):
Event: 7.144 GC heap after
{Heap after GC invocations=31 (full 0):
 garbage-first heap   total 176128K, used 67915K [0x0000000080000000, 0x0000000100000000)
  region size 1024K, 1 young (1024K), 1 survivors (1024K)
 Metaspace       used 68209K, committed 68800K, reserved 1114112K
  class space    used 9096K, committed 9408K, reserved 1048576K
}
Event: 7.835 GC heap before
{Heap before GC invocations=31 (full 0):
 garbage-first heap   total 176128K, used 130379K [0x0000000080000000, 0x0000000100000000)
  region size 1024K, 58 young (59392K), 1 survivors (1024K)
 Metaspace       used 72717K, committed 73344K, reserved 1114112K
  class space    used 9742K, committed 10048K, reserved 1048576K
}
Event: 7.838 GC heap after
{Heap after GC invocations=32 (full 0):
 garbage-first heap   total 176128K, used 75207K [0x0000000080000000, 0x0000000100000000)
  region size 1024K, 4 young (4096K), 4 survivors (4096K)
 Metaspace       used 72717K, committed 73344K, reserved 1114112K
  class space    used 9742K, committed 10048K, reserved 1048576K
}
Event: 8.357 GC heap before
{Heap before GC invocations=32 (full 0):
 garbage-first heap   total 176128K, used 133575K [0x0000000080000000, 0x0000000100000000)
  region size 1024K, 61 young (62464K), 4 survivors (4096K)
 Metaspace       used 78133K, committed 78720K, reserved 1179648K
  class space    used 10488K, committed 10752K, reserved 1048576K
}
Event: 8.362 GC heap after
{Heap after GC invocations=33 (full 0):
 garbage-first heap   total 176128K, used 78707K [0x0000000080000000, 0x0000000100000000)
  region size 1024K, 8 young (8192K), 8 survivors (8192K)
 Metaspace       used 78133K, committed 78720K, reserved 1179648K
  class space    used 10488K, committed 10752K, reserved 1048576K
}
Event: 8.925 GC heap before
{Heap before GC invocations=33 (full 0):
 garbage-first heap   total 176128K, used 135027K [0x0000000080000000, 0x0000000100000000)
  region size 1024K, 64 young (65536K), 8 survivors (8192K)
 Metaspace       used 81182K, committed 81856K, reserved 1179648K
  class space    used 10891K, committed 11200K, reserved 1048576K
}
Event: 8.932 GC heap after
{Heap after GC invocations=34 (full 0):
 garbage-first heap   total 176128K, used 83611K [0x0000000080000000, 0x0000000100000000)
  region size 1024K, 8 young (8192K), 8 survivors (8192K)
 Metaspace       used 81182K, committed 81856K, reserved 1179648K
  class space    used 10891K, committed 11200K, reserved 1048576K
}
Event: 9.513 GC heap before
{Heap before GC invocations=34 (full 0):
 garbage-first heap   total 176128K, used 139931K [0x0000000080000000, 0x0000000100000000)
  region size 1024K, 62 young (63488K), 8 survivors (8192K)
 Metaspace       used 85453K, committed 86016K, reserved 1179648K
  class space    used 11684K, committed 11968K, reserved 1048576K
}
Event: 9.520 GC heap after
{Heap after GC invocations=35 (full 0):
 garbage-first heap   total 176128K, used 86690K [0x0000000080000000, 0x0000000100000000)
  region size 1024K, 3 young (3072K), 3 survivors (3072K)
 Metaspace       used 85453K, committed 86016K, reserved 1179648K
  class space    used 11684K, committed 11968K, reserved 1048576K
}
Event: 10.107 GC heap before
{Heap before GC invocations=35 (full 0):
 garbage-first heap   total 176128K, used 140962K [0x0000000080000000, 0x0000000100000000)
  region size 1024K, 56 young (57344K), 3 survivors (3072K)
 Metaspace       used 89809K, committed 90432K, reserved 1179648K
  class space    used 12326K, committed 12608K, reserved 1048576K
}
Event: 10.112 GC heap after
{Heap after GC invocations=36 (full 0):
 garbage-first heap   total 176128K, used 88917K [0x0000000080000000, 0x0000000100000000)
  region size 1024K, 6 young (6144K), 6 survivors (6144K)
 Metaspace       used 89809K, committed 90432K, reserved 1179648K
  class space    used 12326K, committed 12608K, reserved 1048576K
}
Event: 10.689 GC heap before
{Heap before GC invocations=36 (full 0):
 garbage-first heap   total 176128K, used 142165K [0x0000000080000000, 0x0000000100000000)
  region size 1024K, 58 young (59392K), 6 survivors (6144K)
 Metaspace       used 95020K, committed 95680K, reserved 1179648K
  class space    used 13070K, committed 13376K, reserved 1048576K
}
Event: 10.694 GC heap after
{Heap after GC invocations=37 (full 0):
 garbage-first heap   total 176128K, used 91792K [0x0000000080000000, 0x0000000100000000)
  region size 1024K, 6 young (6144K), 6 survivors (6144K)
 Metaspace       used 95020K, committed 95680K, reserved 1179648K
  class space    used 13070K, committed 13376K, reserved 1048576K
}
Event: 11.190 GC heap before
{Heap before GC invocations=37 (full 0):
 garbage-first heap   total 176128K, used 145040K [0x0000000080000000, 0x0000000100000000)
  region size 1024K, 58 young (59392K), 6 survivors (6144K)
 Metaspace       used 97512K, committed 98240K, reserved 1179648K
  class space    used 13421K, committed 13824K, reserved 1048576K
}
Event: 11.199 GC heap after
{Heap after GC invocations=38 (full 0):
 garbage-first heap   total 176128K, used 96904K [0x0000000080000000, 0x0000000100000000)
  region size 1024K, 8 young (8192K), 8 survivors (8192K)
 Metaspace       used 97512K, committed 98240K, reserved 1179648K
  class space    used 13421K, committed 13824K, reserved 1048576K
}
Event: 11.484 GC heap before
{Heap before GC invocations=38 (full 0):
 garbage-first heap   total 176128K, used 144008K [0x0000000080000000, 0x0000000100000000)
  region size 1024K, 55 young (56320K), 8 survivors (8192K)
 Metaspace       used 98129K, committed 98816K, reserved 1179648K
  class space    used 13470K, committed 13824K, reserved 1048576K
}
Event: 11.494 GC heap after
{Heap after GC invocations=39 (full 0):
 garbage-first heap   total 176128K, used 104711K [0x0000000080000000, 0x0000000100000000)
  region size 1024K, 7 young (7168K), 7 survivors (7168K)
 Metaspace       used 98129K, committed 98816K, reserved 1179648K
  class space    used 13470K, committed 13824K, reserved 1048576K
}
Event: 12.048 GC heap before
{Heap before GC invocations=39 (full 0):
 garbage-first heap   total 176128K, used 147719K [0x0000000080000000, 0x0000000100000000)
  region size 1024K, 45 young (46080K), 7 survivors (7168K)
 Metaspace       used 101284K, committed 102016K, reserved 1179648K
  class space    used 13884K, committed 14272K, reserved 1048576K
}
Event: 12.057 GC heap after
{Heap after GC invocations=40 (full 0):
 garbage-first heap   total 176128K, used 110601K [0x0000000080000000, 0x0000000100000000)
  region size 1024K, 6 young (6144K), 6 survivors (6144K)
 Metaspace       used 101284K, committed 102016K, reserved 1179648K
  class space    used 13884K, committed 14272K, reserved 1048576K
}
Event: 12.204 GC heap before
{Heap before GC invocations=40 (full 0):
 garbage-first heap   total 176128K, used 143369K [0x0000000080000000, 0x0000000100000000)
  region size 1024K, 39 young (39936K), 6 survivors (6144K)
 Metaspace       used 101500K, committed 102208K, reserved 1179648K
  class space    used 13932K, committed 14336K, reserved 1048576K
}

