# JRE version: OpenJDK Runtime Environment (17.0.7) (build 17.0.7+0-b2043.56-10550314)
# Java VM: OpenJDK 64-Bit Server VM (17.0.7+0-b2043.56-10550314, mixed mode, tiered, compressed oops, compressed class ptrs, g1 gc, windows-amd64)
GC Precious Log:
 CPUs: 8 total, 8 available
 Memory: 8030M
 Large Page Support: Disabled
 NUMA Support: Disabled
 Compressed Oops: Enabled (32-bit)
 Heap Region Size: 1M
 Heap Min Capacity: 8M
 Heap Initial Capacity: 126M
 Heap Max Capacity: 2G
 Pre-touch: Disabled
 Parallel Workers: 8
 Concurrent Workers: 2
 Concurrent Refinement Workers: 8
 Periodic GC: Disabled
Heap:
 garbage-first heap   total 263168K, used 77663K [0x0000000080000000, 0x0000000100000000)
  region size 1024K, 10 young (10240K), 4 survivors (4096K)
 Metaspace       used 69986K, committed 70528K, reserved 1114112K
  class space    used 9332K, committed 9600K, reserved 1048576K
GC Heap History (20 events):
Event: 4.980 GC heap before
{Heap before GC invocations=18 (full 0):
 garbage-first heap   total 106496K, used 68409K [0x0000000080000000, 0x0000000100000000)
  region size 1024K, 14 young (14336K), 3 survivors (3072K)
 Metaspace       used 55186K, committed 55616K, reserved 1114112K
  class space    used 7427K, committed 7616K, reserved 1048576K
}
Event: 4.981 GC heap after
{Heap after GC invocations=19 (full 0):
 garbage-first heap   total 106496K, used 59467K [0x0000000080000000, 0x0000000100000000)
  region size 1024K, 2 young (2048K), 2 survivors (2048K)
 Metaspace       used 55186K, committed 55616K, reserved 1114112K
  class space    used 7427K, committed 7616K, reserved 1048576K
}
Event: 4.996 GC heap before
{Heap before GC invocations=19 (full 0):
 garbage-first heap   total 106496K, used 61515K [0x0000000080000000, 0x0000000100000000)
  region size 1024K, 6 young (6144K), 2 survivors (2048K)
 Metaspace       used 55374K, committed 55872K, reserved 1114112K
  class space    used 7444K, committed 7680K, reserved 1048576K
}
Event: 4.997 GC heap after
{Heap after GC invocations=20 (full 0):
 garbage-first heap   total 128000K, used 60012K [0x0000000080000000, 0x0000000100000000)
  region size 1024K, 1 young (1024K), 1 survivors (1024K)
 Metaspace       used 55374K, committed 55872K, reserved 1114112K
  class space    used 7444K, committed 7680K, reserved 1048576K
}
Event: 5.316 GC heap before
{Heap before GC invocations=21 (full 0):
 garbage-first heap   total 128000K, used 90732K [0x0000000080000000, 0x0000000100000000)
  region size 1024K, 30 young (30720K), 1 survivors (1024K)
 Metaspace       used 58116K, committed 58560K, reserved 1114112K
  class space    used 7844K, committed 8064K, reserved 1048576K
}
Event: 5.318 GC heap after
{Heap after GC invocations=22 (full 0):
 garbage-first heap   total 128000K, used 62064K [0x0000000080000000, 0x0000000100000000)
  region size 1024K, 2 young (2048K), 2 survivors (2048K)
 Metaspace       used 58116K, committed 58560K, reserved 1114112K
  class space    used 7844K, committed 8064K, reserved 1048576K
}
Event: 5.346 GC heap before
{Heap before GC invocations=22 (full 0):
 garbage-first heap   total 128000K, used 65136K [0x0000000080000000, 0x0000000100000000)
  region size 1024K, 6 young (6144K), 2 survivors (2048K)
 Metaspace       used 58641K, committed 59072K, reserved 1114112K
  class space    used 7878K, committed 8064K, reserved 1048576K
}
Event: 5.348 GC heap after
{Heap after GC invocations=23 (full 0):
 garbage-first heap   total 128000K, used 62123K [0x0000000080000000, 0x0000000100000000)
  region size 1024K, 1 young (1024K), 1 survivors (1024K)
 Metaspace       used 58641K, committed 59072K, reserved 1114112K
  class space    used 7878K, committed 8064K, reserved 1048576K
}
Event: 5.615 GC heap before
{Heap before GC invocations=23 (full 0):
 garbage-first heap   total 128000K, used 92843K [0x0000000080000000, 0x0000000100000000)
  region size 1024K, 32 young (32768K), 1 survivors (1024K)
 Metaspace       used 62094K, committed 62656K, reserved 1114112K
  class space    used 8259K, committed 8512K, reserved 1048576K
}
Event: 5.617 GC heap after
{Heap after GC invocations=24 (full 0):
 garbage-first heap   total 128000K, used 62920K [0x0000000080000000, 0x0000000100000000)
  region size 1024K, 1 young (1024K), 1 survivors (1024K)
 Metaspace       used 62094K, committed 62656K, reserved 1114112K
  class space    used 8259K, committed 8512K, reserved 1048576K
}
Event: 5.962 GC heap before
{Heap before GC invocations=25 (full 0):
 garbage-first heap   total 128000K, used 100808K [0x0000000080000000, 0x0000000100000000)
  region size 1024K, 34 young (34816K), 1 survivors (1024K)
 Metaspace       used 66542K, committed 67072K, reserved 1114112K
  class space    used 8873K, committed 9152K, reserved 1048576K
}
Event: 5.967 GC heap after
{Heap after GC invocations=26 (full 0):
 garbage-first heap   total 128000K, used 71226K [0x0000000080000000, 0x0000000100000000)
  region size 1024K, 5 young (5120K), 5 survivors (5120K)
 Metaspace       used 66542K, committed 67072K, reserved 1114112K
  class space    used 8873K, committed 9152K, reserved 1048576K
}
Event: 5.969 GC heap before
{Heap before GC invocations=26 (full 0):
 garbage-first heap   total 128000K, used 72250K [0x0000000080000000, 0x0000000100000000)
  region size 1024K, 6 young (6144K), 5 survivors (5120K)
 Metaspace       used 66542K, committed 67072K, reserved 1114112K
  class space    used 8873K, committed 9152K, reserved 1048576K
}
Event: 5.972 GC heap after
{Heap after GC invocations=27 (full 0):
 garbage-first heap   total 128000K, used 71800K [0x0000000080000000, 0x0000000100000000)
  region size 1024K, 1 young (1024K), 1 survivors (1024K)
 Metaspace       used 66542K, committed 67072K, reserved 1114112K
  class space    used 8873K, committed 9152K, reserved 1048576K
}
Event: 5.991 GC heap before
{Heap before GC invocations=27 (full 0):
 garbage-first heap   total 128000K, used 72824K [0x0000000080000000, 0x0000000100000000)
  region size 1024K, 3 young (3072K), 1 survivors (1024K)
 Metaspace       used 66548K, committed 67072K, reserved 1114112K
  class space    used 8873K, committed 9152K, reserved 1048576K
}
Event: 5.992 GC heap after
{Heap after GC invocations=28 (full 0):
 garbage-first heap   total 128000K, used 72464K [0x0000000080000000, 0x0000000100000000)
  region size 1024K, 2 young (2048K), 2 survivors (2048K)
 Metaspace       used 66548K, committed 67072K, reserved 1114112K
  class space    used 8873K, committed 9152K, reserved 1048576K
}
Event: 6.177 GC heap before
{Heap before GC invocations=29 (full 0):
 garbage-first heap   total 133120K, used 93968K [0x0000000080000000, 0x0000000100000000)
  region size 1024K, 21 young (21504K), 2 survivors (2048K)
 Metaspace       used 67850K, committed 68416K, reserved 1114112K
  class space    used 9049K, committed 9280K, reserved 1048576K
}
Event: 6.179 GC heap after
{Heap after GC invocations=30 (full 0):
 garbage-first heap   total 133120K, used 74388K [0x0000000080000000, 0x0000000100000000)
  region size 1024K, 3 young (3072K), 3 survivors (3072K)
 Metaspace       used 67850K, committed 68416K, reserved 1114112K
  class space    used 9049K, committed 9280K, reserved 1048576K
}
Event: 6.368 GC heap before
{Heap before GC invocations=30 (full 0):
 garbage-first heap   total 133120K, used 96916K [0x0000000080000000, 0x0000000100000000)
  region size 1024K, 26 young (26624K), 3 survivors (3072K)
 Metaspace       used 69552K, committed 70080K, reserved 1114112K
  class space    used 9286K, committed 9536K, reserved 1048576K
}
Event: 6.371 GC heap after
{Heap after GC invocations=31 (full 0):
 garbage-first heap   total 323584K, used 75615K [0x0000000080000000, 0x0000000100000000)
  region size 1024K, 4 young (4096K), 4 survivors (4096K)
 Metaspace       used 69552K, committed 70080K, reserved 1114112K
  class space    used 9286K, committed 9536K, reserved 1048576K
}

